0 info it worked if it ends with ok
1 verbose cli [ '/usr/local/var/nodenv/versions/6.7.0/bin/node',
1 verbose cli   '/usr/local/var/nodenv/versions/6.7.0/bin/npm',
1 verbose cli   'start' ]
2 info using npm@3.10.3
3 info using node@v6.7.0
4 verbose run-script [ 'prestart', 'start', 'poststart' ]
5 info lifecycle naukluft-app@1.0.0~prestart: naukluft-app@1.0.0
6 silly lifecycle naukluft-app@1.0.0~prestart: no script for prestart, continuing
7 info lifecycle naukluft-app@1.0.0~start: naukluft-app@1.0.0
8 verbose lifecycle naukluft-app@1.0.0~start: unsafe-perm in lifecycle true
9 verbose lifecycle naukluft-app@1.0.0~start: PATH: /usr/local/var/nodenv/versions/6.7.0/lib/node_modules/npm/bin/node-gyp-bin:/Users/Daven/Development/Naukluft/versioned/nAPPe/node_modules/.bin:/usr/local/var/nodenv/versions/6.7.0/bin:/usr/local/var/nodenv/versions/6.7.0/bin:/usr/local/Cellar/nodenv/1.0.0/libexec:/usr/local/var/pyenv/versions/Naukluft/bin:/usr/local/var/nodenv/shims:/usr/local/var/nodenv/bin:/Users/Daven/.pyenv/shims:/usr/local/var/nodenv/shims:/usr/local/var/nodenv/bin:/usr/local/texlive/2014/bin/x86_64-darwin:/usr/local/opt/coreutils/libexec/gnubin:/usr/local/opt/qgis2/bin:/Users/Daven/.pyenv/shims:/usr/local/bin:/usr/local/sbin:/usr/bin:/bin:/usr/sbin:/sbin:/opt/X11/bin:/usr/texbin:/Users/Daven/bin:/Users/Daven/Environment/dotfiles/bin:/usr/local/opt/fzf/bin
10 verbose lifecycle naukluft-app@1.0.0~start: CWD: /Users/Daven/Development/Naukluft/versioned/nAPPe
11 silly lifecycle naukluft-app@1.0.0~start: Args: [ '-c', 'node index.js' ]
12 silly lifecycle naukluft-app@1.0.0~start: Returned: code: 1  signal: null
13 info lifecycle naukluft-app@1.0.0~start: Failed to exec start script
14 verbose stack Error: naukluft-app@1.0.0 start: `node index.js`
14 verbose stack Exit status 1
14 verbose stack     at EventEmitter.<anonymous> (/usr/local/var/nodenv/versions/6.7.0/lib/node_modules/npm/lib/utils/lifecycle.js:242:16)
14 verbose stack     at emitTwo (events.js:106:13)
14 verbose stack     at EventEmitter.emit (events.js:191:7)
14 verbose stack     at ChildProcess.<anonymous> (/usr/local/var/nodenv/versions/6.7.0/lib/node_modules/npm/lib/utils/spawn.js:40:14)
14 verbose stack     at emitTwo (events.js:106:13)
14 verbose stack     at ChildProcess.emit (events.js:191:7)
14 verbose stack     at maybeClose (internal/child_process.js:877:16)
14 verbose stack     at Process.ChildProcess._handle.onexit (internal/child_process.js:226:5)
15 verbose pkgid naukluft-app@1.0.0
16 verbose cwd /Users/Daven/Development/Naukluft/versioned/nAPPe
17 error Darwin 16.4.0
18 error argv "/usr/local/var/nodenv/versions/6.7.0/bin/node" "/usr/local/var/nodenv/versions/6.7.0/bin/npm" "start"
19 error node v6.7.0
20 error npm  v3.10.3
21 error code ELIFECYCLE
22 error naukluft-app@1.0.0 start: `node index.js`
22 error Exit status 1
23 error Failed at the naukluft-app@1.0.0 start script 'node index.js'.
23 error Make sure you have the latest version of node.js and npm installed.
23 error If you do, this is most likely a problem with the naukluft-app package,
23 error not with npm itself.
23 error Tell the author that this fails on your system:
23 error     node index.js
23 error You can get information on how to open an issue for this project with:
23 error     npm bugs naukluft-app
23 error Or if that isn't available, you can get their info via:
23 error     npm owner ls naukluft-app
23 error There is likely additional logging output above.
24 verbose exit [ 1, true ]
